<?xml version="1.0" encoding="UTF-8"?>
<!-- Generated by org.testng.reporters.JUnitXMLReporter -->
<testsuite ignored="0" hostname="DinendraZenbook" failures="0" tests="4" name="Test" time="0.133" errors="0" timestamp="2024-01-28T19:16:23 IST">
  <testcase classname="Test.TestNG_Test" name="SecondTest" time="0.009"/>
  <testcase classname="Test.TestNG_Test" name="demo" time="0.005"/>
  <testcase classname="Test.Test2_TestNG" name="SecondTest1" time="0.002"/>
  <testcase classname="Test.Test2_TestNG" name="demo1" time="0.002"/>
</testsuite> <!-- Test -->
