<?xml version="1.0" encoding="UTF-8"?>
<!-- Generated by org.testng.reporters.JUnitXMLReporter -->
<testsuite ignored="1" hostname="DinendraZenbook" failures="0" tests="4" name="Test2" time="0.037" errors="0" timestamp="2024-01-28T19:16:23 IST">
  <testcase classname="Test.Test3" name="demo2" time="0.001"/>
  <testcase classname="Test.Test3" name="demo2" time="0.003"/>
  <testcase classname="Test.Test3" name="demo2" time="0.002"/>
  <testcase classname="Test.Test3" name="demo3" time="0.002"/>
  <testcase classname="Test.Test3" name="SecondTest3" time="0.0">
    <ignored/>
  </testcase> <!-- SecondTest3 -->
</testsuite> <!-- Test2 -->
