<?xml version="1.0" encoding="UTF-8"?>
<testng-results ignored="0" total="9" passed="9" failed="0" skipped="0">
  <reporter-output>
  </reporter-output>
  <suite started-at="2024-01-28T19:16:23 IST" name="Suite" finished-at="2024-01-28T19:16:23 IST" duration-ms="300">
    <groups>
      <group name="Smoke">
        <method signature="Test3.demo2(java.lang.String,java.lang.String)[pri:0, instance:Test.Test3@5c7933ad]" name="demo2" class="Test.Test3"/>
        <method signature="Test3.demo3(java.lang.String)[pri:0, instance:Test.Test3@5c7933ad]" name="demo3" class="Test.Test3"/>
      </group> <!-- Smoke -->
    </groups>
    <test started-at="2024-01-28T19:16:23 IST" name="Test" finished-at="2024-01-28T19:16:23 IST" duration-ms="133">
      <class name="Test.Test2_TestNG">
        <test-method signature="SecondTest1()[pri:0, instance:Test.Test2_TestNG@2b40ff9c]" started-at="2024-01-28T19:16:23 IST" name="SecondTest1" finished-at="2024-01-28T19:16:23 IST" duration-ms="2" status="PASS">
          <reporter-output>
          </reporter-output>
        </test-method> <!-- SecondTest1 -->
        <test-method signature="demo1()[pri:0, instance:Test.Test2_TestNG@2b40ff9c]" started-at="2024-01-28T19:16:23 IST" name="demo1" finished-at="2024-01-28T19:16:23 IST" duration-ms="2" status="PASS">
          <reporter-output>
          </reporter-output>
        </test-method> <!-- demo1 -->
      </class> <!-- Test.Test2_TestNG -->
      <class name="Test.TestNG_Test">
        <test-method is-config="true" signature="beforetest()[pri:0, instance:Test.TestNG_Test@5890e879]" started-at="2024-01-28T19:16:23 IST" name="beforetest" finished-at="2024-01-28T19:16:23 IST" duration-ms="1" status="PASS">
          <reporter-output>
          </reporter-output>
        </test-method> <!-- beforetest -->
        <test-method is-config="true" signature="beforeclass()[pri:0, instance:Test.TestNG_Test@5890e879]" started-at="2024-01-28T19:16:23 IST" name="beforeclass" finished-at="2024-01-28T19:16:23 IST" duration-ms="1" status="PASS">
          <reporter-output>
          </reporter-output>
        </test-method> <!-- beforeclass -->
        <test-method is-config="true" signature="beforemethod()[pri:0, instance:Test.TestNG_Test@5890e879]" started-at="2024-01-28T19:16:23 IST" name="beforemethod" finished-at="2024-01-28T19:16:23 IST" duration-ms="0" status="PASS">
          <reporter-output>
          </reporter-output>
        </test-method> <!-- beforemethod -->
        <test-method signature="SecondTest()[pri:0, instance:Test.TestNG_Test@5890e879]" started-at="2024-01-28T19:16:23 IST" name="SecondTest" finished-at="2024-01-28T19:16:23 IST" duration-ms="9" status="PASS">
          <reporter-output>
          </reporter-output>
        </test-method> <!-- SecondTest -->
        <test-method is-config="true" signature="aftermethod()[pri:0, instance:Test.TestNG_Test@5890e879]" started-at="2024-01-28T19:16:23 IST" name="aftermethod" finished-at="2024-01-28T19:16:23 IST" duration-ms="1" status="PASS">
          <reporter-output>
          </reporter-output>
        </test-method> <!-- aftermethod -->
        <test-method is-config="true" signature="beforemethod()[pri:0, instance:Test.TestNG_Test@5890e879]" started-at="2024-01-28T19:16:23 IST" name="beforemethod" finished-at="2024-01-28T19:16:23 IST" duration-ms="1" status="PASS">
          <reporter-output>
          </reporter-output>
        </test-method> <!-- beforemethod -->
        <test-method signature="demo()[pri:0, instance:Test.TestNG_Test@5890e879]" started-at="2024-01-28T19:16:23 IST" name="demo" finished-at="2024-01-28T19:16:23 IST" duration-ms="5" status="PASS">
          <reporter-output>
          </reporter-output>
        </test-method> <!-- demo -->
        <test-method is-config="true" signature="aftermethod()[pri:0, instance:Test.TestNG_Test@5890e879]" started-at="2024-01-28T19:16:23 IST" name="aftermethod" finished-at="2024-01-28T19:16:23 IST" duration-ms="1" status="PASS">
          <reporter-output>
          </reporter-output>
        </test-method> <!-- aftermethod -->
        <test-method is-config="true" signature="afterclass()[pri:0, instance:Test.TestNG_Test@5890e879]" started-at="2024-01-28T19:16:23 IST" name="afterclass" finished-at="2024-01-28T19:16:23 IST" duration-ms="0" status="PASS">
          <reporter-output>
          </reporter-output>
        </test-method> <!-- afterclass -->
        <test-method is-config="true" signature="aftertest()[pri:0, instance:Test.TestNG_Test@5890e879]" started-at="2024-01-28T19:16:23 IST" name="aftertest" finished-at="2024-01-28T19:16:23 IST" duration-ms="1" status="PASS">
          <reporter-output>
          </reporter-output>
        </test-method> <!-- aftertest -->
      </class> <!-- Test.TestNG_Test -->
    </test> <!-- Test -->
    <test started-at="2024-01-28T19:16:23 IST" name="Test1" finished-at="2024-01-28T19:16:23 IST" duration-ms="139">
      <class name="Test.TestNG_Test">
        <test-method is-config="true" signature="beforetest()[pri:0, instance:Test.TestNG_Test@673fdbce]" started-at="2024-01-28T19:16:23 IST" name="beforetest" finished-at="2024-01-28T19:16:23 IST" duration-ms="1" status="PASS">
          <reporter-output>
          </reporter-output>
        </test-method> <!-- beforetest -->
        <test-method is-config="true" signature="beforeclass()[pri:0, instance:Test.TestNG_Test@673fdbce]" started-at="2024-01-28T19:16:23 IST" name="beforeclass" finished-at="2024-01-28T19:16:23 IST" duration-ms="1" status="PASS">
          <reporter-output>
          </reporter-output>
        </test-method> <!-- beforeclass -->
        <test-method is-config="true" signature="beforemethod()[pri:0, instance:Test.TestNG_Test@673fdbce]" started-at="2024-01-28T19:16:23 IST" name="beforemethod" finished-at="2024-01-28T19:16:23 IST" duration-ms="1" status="PASS">
          <reporter-output>
          </reporter-output>
        </test-method> <!-- beforemethod -->
        <test-method signature="SecondTest()[pri:0, instance:Test.TestNG_Test@673fdbce]" started-at="2024-01-28T19:16:23 IST" name="SecondTest" finished-at="2024-01-28T19:16:23 IST" duration-ms="18" status="PASS">
          <reporter-output>
          </reporter-output>
        </test-method> <!-- SecondTest -->
        <test-method is-config="true" signature="aftermethod()[pri:0, instance:Test.TestNG_Test@673fdbce]" started-at="2024-01-28T19:16:23 IST" name="aftermethod" finished-at="2024-01-28T19:16:23 IST" duration-ms="1" status="PASS">
          <reporter-output>
          </reporter-output>
        </test-method> <!-- aftermethod -->
        <test-method is-config="true" signature="afterclass()[pri:0, instance:Test.TestNG_Test@673fdbce]" started-at="2024-01-28T19:16:23 IST" name="afterclass" finished-at="2024-01-28T19:16:23 IST" duration-ms="19" status="PASS">
          <reporter-output>
          </reporter-output>
        </test-method> <!-- afterclass -->
        <test-method is-config="true" signature="aftertest()[pri:0, instance:Test.TestNG_Test@673fdbce]" started-at="2024-01-28T19:16:23 IST" name="aftertest" finished-at="2024-01-28T19:16:23 IST" duration-ms="0" status="PASS">
          <reporter-output>
          </reporter-output>
        </test-method> <!-- aftertest -->
      </class> <!-- Test.TestNG_Test -->
    </test> <!-- Test1 -->
    <test started-at="2024-01-28T19:16:23 IST" name="Test2" finished-at="2024-01-28T19:16:23 IST" duration-ms="37">
      <class name="Test.Test3">
        <test-method signature="demo2(java.lang.String,java.lang.String)[pri:0, instance:Test.Test3@5c7933ad]" started-at="2024-01-28T19:16:23 IST" name="demo2" data-provider="getdata" finished-at="2024-01-28T19:16:23 IST" duration-ms="1" status="PASS">
          <params>
            <param index="0">
              <value>
                <![CDATA[username]]>
              </value>
            </param>
            <param index="1">
              <value>
                <![CDATA[pwd]]>
              </value>
            </param>
          </params>
          <reporter-output>
          </reporter-output>
        </test-method> <!-- demo2 -->
        <test-method signature="demo2(java.lang.String,java.lang.String)[pri:0, instance:Test.Test3@5c7933ad]" started-at="2024-01-28T19:16:23 IST" name="demo2" data-provider="getdata" finished-at="2024-01-28T19:16:23 IST" duration-ms="3" status="PASS">
          <params>
            <param index="0">
              <value>
                <![CDATA[user2]]>
              </value>
            </param>
            <param index="1">
              <value>
                <![CDATA[pwd2]]>
              </value>
            </param>
          </params>
          <reporter-output>
          </reporter-output>
        </test-method> <!-- demo2 -->
        <test-method signature="demo2(java.lang.String,java.lang.String)[pri:0, instance:Test.Test3@5c7933ad]" started-at="2024-01-28T19:16:23 IST" name="demo2" data-provider="getdata" finished-at="2024-01-28T19:16:23 IST" duration-ms="2" status="PASS">
          <params>
            <param index="0">
              <value>
                <![CDATA[user3]]>
              </value>
            </param>
            <param index="1">
              <value>
                <![CDATA[pwd3]]>
              </value>
            </param>
          </params>
          <reporter-output>
          </reporter-output>
        </test-method> <!-- demo2 -->
        <test-method signature="demo3(java.lang.String)[pri:0, instance:Test.Test3@5c7933ad]" started-at="2024-01-28T19:16:23 IST" name="demo3" finished-at="2024-01-28T19:16:23 IST" duration-ms="2" status="PASS">
          <params>
            <param index="0">
              <value>
                <![CDATA[www.google.com]]>
              </value>
            </param>
          </params>
          <reporter-output>
          </reporter-output>
        </test-method> <!-- demo3 -->
      </class> <!-- Test.Test3 -->
      <class name="Test.TestNG_Test">
        <test-method is-config="true" signature="beforesuite()[pri:0, instance:Test.TestNG_Test@673fdbce]" started-at="2024-01-28T19:16:23 IST" name="beforesuite" finished-at="2024-01-28T19:16:23 IST" duration-ms="21" status="PASS">
          <reporter-output>
          </reporter-output>
        </test-method> <!-- beforesuite -->
        <test-method is-config="true" signature="aftersuite()[pri:0, instance:Test.TestNG_Test@673fdbce]" started-at="2024-01-28T19:16:23 IST" name="aftersuite" finished-at="2024-01-28T19:16:23 IST" duration-ms="0" status="PASS">
          <reporter-output>
          </reporter-output>
        </test-method> <!-- aftersuite -->
      </class> <!-- Test.TestNG_Test -->
    </test> <!-- Test2 -->
  </suite> <!-- Suite -->
</testng-results>
